

Started GET "/fluffy" for 45.56.153.233 at 2021-03-11 14:16:10 +0000

ActionController::RoutingError (No route matches [GET] "/fluffy"):
  actionpack (4.2.10) lib/action_dispatch/middleware/debug_exceptions.rb:21:in `call'
  actionpack (4.2.10) lib/action_dispatch/middleware/show_exceptions.rb:30:in `call'
  railties (4.2.10) lib/rails/rack/logger.rb:38:in `call_app'
  railties (4.2.10) lib/rails/rack/logger.rb:20:in `block in call'
  activesupport (4.2.10) lib/active_support/tagged_logging.rb:68:in `block in tagged'
  activesupport (4.2.10) lib/active_support/tagged_logging.rb:26:in `tagged'
  activesupport (4.2.10) lib/active_support/tagged_logging.rb:68:in `tagged'
  railties (4.2.10) lib/rails/rack/logger.rb:20:in `call'
  actionpack (4.2.10) lib/action_dispatch/middleware/request_id.rb:21:in `call'
  rack (1.6.10) lib/rack/methodoverride.rb:22:in `call'
  rack (1.6.10) lib/rack/runtime.rb:18:in `call'
  activesupport (4.2.10) lib/active_support/cache/strategy/local_cache_middleware.rb:28:in `call'
  rack (1.6.10) lib/rack/lock.rb:17:in `call'
  actionpack (4.2.10) lib/action_dispatch/middleware/static.rb:120:in `call'
  rack (1.6.10) lib/rack/sendfile.rb:113:in `call'
  railties (4.2.10) lib/rails/engine.rb:518:in `call'
  railties (4.2.10) lib/rails/application.rb:165:in `call'
  rack (1.6.10) lib/rack/lock.rb:17:in `call'
  rack (1.6.10) lib/rack/content_length.rb:15:in `call'
  rack (1.6.10) lib/rack/handler/webrick.rb:88:in `service'
  /usr/lib/ruby/2.6.0/webrick/httpserver.rb:140:in `service'
  /usr/lib/ruby/2.6.0/webrick/httpserver.rb:96:in `run'
  /usr/lib/ruby/2.6.0/webrick/server.rb:307:in `block in start_thread'


  Rendered /var/lib/gems/2.6.0/gems/actionpack-4.2.10/lib/action_dispatch/middleware/templates/rescues/_trace.html.erb (0.8ms)
  Rendered /var/lib/gems/2.6.0/gems/actionpack-4.2.10/lib/action_dispatch/middleware/templates/routes/_route.html.erb (0.6ms)
  Rendered /var/lib/gems/2.6.0/gems/actionpack-4.2.10/lib/action_dispatch/middleware/templates/routes/_table.html.erb (4.5ms)
  Rendered /var/lib/gems/2.6.0/gems/actionpack-4.2.10/lib/action_dispatch/middleware/templates/rescues/_request_and_response.html.erb (6.0ms)
  Rendered /var/lib/gems/2.6.0/gems/actionpack-4.2.10/lib/action_dispatch/middleware/templates/rescues/routing_error.html.erb within rescues/layout (22.2ms)


Started GET "/" for 45.56.153.233 at 2021-03-11 14:16:14 +0000


Started GET "/fluffys" for 45.56.153.233 at 2021-03-11 14:16:14 +0000
Processing by FluffysController#index as HTML
  [1m[36mFluffys Load (0.3ms)[0m  [1mSELECT "fluffys".* FROM "fluffys"[0m
  Rendered fluffys/index.html.erb within layouts/application (2.5ms)
Completed 500 Internal Server Error in 20ms (ActiveRecord: 0.3ms)

ActionView::Template::Error (SQLite3::SQLException: no such table: fluffys: SELECT "fluffys".* FROM "fluffys"):
    13:     </tr>
    14:   </thead>
    15:   <tbody>
    16:     <% @movies.each do |movie| %>
    17:       <tr>
    18:         <td>
    19:           <%= movie.title %>
  app/views/fluffys/index.html.erb:16:in `_app_views_fluffys_index_html_erb__1562741550403618031_70248288932400'


  Rendered /var/lib/gems/2.6.0/gems/actionpack-4.2.10/lib/action_dispatch/middleware/templates/rescues/_source.erb (3.2ms)
  Rendered /var/lib/gems/2.6.0/gems/actionpack-4.2.10/lib/action_dispatch/middleware/templates/rescues/_trace.html.erb (1.5ms)
  Rendered /var/lib/gems/2.6.0/gems/actionpack-4.2.10/lib/action_dispatch/middleware/templates/rescues/_request_and_response.html.erb (0.8ms)
  Rendered /var/lib/gems/2.6.0/gems/actionpack-4.2.10/lib/action_dispatch/middleware/templates/rescues/template_error.html.erb within rescues/layout (11.5ms)


Started GET "/fluffys" for 45.56.153.233 at 2021-03-11 14:19:14 +0000
Processing by FluffysController#index as HTML
  [1m[36mFluffys Load (0.3ms)[0m  [1mSELECT "fluffys".* FROM "fluffys"[0m
  Rendered fluffys/index.html.erb within layouts/application (3.2ms)
Completed 500 Internal Server Error in 24ms (ActiveRecord: 0.3ms)

ActionView::Template::Error (SQLite3::SQLException: no such table: fluffys: SELECT "fluffys".* FROM "fluffys"):
    13:     </tr>
    14:   </thead>
    15:   <tbody>
    16:     <% @movies.each do |movie| %>
    17:       <tr>
    18:         <td>
    19:           <%= movie.title %>
  app/views/fluffys/index.html.erb:16:in `_app_views_fluffys_index_html_erb__2018249736342989512_70130847241240'


  Rendered /var/lib/gems/2.6.0/gems/actionpack-4.2.10/lib/action_dispatch/middleware/templates/rescues/_source.erb (3.2ms)
  Rendered /var/lib/gems/2.6.0/gems/actionpack-4.2.10/lib/action_dispatch/middleware/templates/rescues/_trace.html.erb (1.6ms)
  Rendered /var/lib/gems/2.6.0/gems/actionpack-4.2.10/lib/action_dispatch/middleware/templates/rescues/_request_and_response.html.erb (6.2ms)
  Rendered /var/lib/gems/2.6.0/gems/actionpack-4.2.10/lib/action_dispatch/middleware/templates/rescues/template_error.html.erb within rescues/layout (17.0ms)
  [1m[36m (79.9ms)[0m  [1mCREATE TABLE "schema_migrations" ("version" varchar NOT NULL) [0m
  [1m[35m (0.1ms)[0m  select sqlite_version(*)
  [1m[36m (106.2ms)[0m  [1mCREATE UNIQUE INDEX "unique_schema_migrations" ON "schema_migrations" ("version")[0m
  [1m[35mActiveRecord::SchemaMigration Load (0.1ms)[0m  SELECT "schema_migrations".* FROM "schema_migrations"
Migrating to CreateMovies (20111119180638)
  [1m[36mActiveRecord::SchemaMigration Load (0.1ms)[0m  [1mSELECT "schema_migrations".* FROM "schema_migrations"[0m
Migrating to CreateFluffys (20111119180638)
  [1m[35m (0.0ms)[0m  begin transaction
DEPRECATION WARNING: `#timestamps` was called without specifying an option for `null`. In Rails 5, this behavior will change to `null: false`. You should manually specify `null: true` to prevent the behavior of your existing migrations from changing. (called from block in up at /home/codio/workspace/Project-4156/rottenpotatoes/db/migrate/20111119180638_create_fluffys.rb:10)
  [1m[36m (0.3ms)[0m  [1mCREATE TABLE "fluffys" ("id" INTEGER PRIMARY KEY AUTOINCREMENT NOT NULL, "title" varchar, "rating" varchar, "description" text, "release_date" datetime, "created_at" datetime, "updated_at" datetime) [0m
  [1m[35mSQL (0.1ms)[0m  INSERT INTO "schema_migrations" ("version") VALUES (?)  [["version", "20111119180638"]]
  [1m[36m (118.4ms)[0m  [1mcommit transaction[0m
  [1m[35mActiveRecord::SchemaMigration Load (0.1ms)[0m  SELECT "schema_migrations".* FROM "schema_migrations"
  [1m[36mActiveRecord::SchemaMigration Load (0.1ms)[0m  [1mSELECT "schema_migrations".* FROM "schema_migrations"[0m


Started GET "/fluffys" for 45.56.153.233 at 2021-03-11 14:27:55 +0000
Processing by FluffysController#index as HTML
  [1m[36mFluffys Load (1.0ms)[0m  [1mSELECT "fluffys".* FROM "fluffys"[0m
  Rendered fluffys/index.html.erb within layouts/application (10.7ms)
Completed 500 Internal Server Error in 29ms (ActiveRecord: 1.1ms)

ActionView::Template::Error (undefined local variable or method `new_movie_path' for #<#<Class:0x00007fb2b075dba8>:0x00007fb2b076eae8>):
    31:     <% end %>
    32:   </tbody>
    33: </table>
    34: <%= link_to 'Add new movie', new_movie_path, :class => 'btn btn-primary' %>
  app/views/fluffys/index.html.erb:34:in `_app_views_fluffys_index_html_erb___4041361594791855767_70202720827000'


  Rendered /var/lib/gems/2.6.0/gems/actionpack-4.2.10/lib/action_dispatch/middleware/templates/rescues/_source.erb (2.6ms)
  Rendered /var/lib/gems/2.6.0/gems/actionpack-4.2.10/lib/action_dispatch/middleware/templates/rescues/_trace.html.erb (1.3ms)
  Rendered /var/lib/gems/2.6.0/gems/actionpack-4.2.10/lib/action_dispatch/middleware/templates/rescues/_request_and_response.html.erb (5.9ms)
  Rendered /var/lib/gems/2.6.0/gems/actionpack-4.2.10/lib/action_dispatch/middleware/templates/rescues/template_error.html.erb within rescues/layout (15.7ms)


Started GET "/" for 45.56.153.233 at 2021-03-11 14:27:58 +0000


Started GET "/fluffys" for 45.56.153.233 at 2021-03-11 14:27:58 +0000
Processing by FluffysController#index as HTML
  [1m[35mFluffys Load (0.1ms)[0m  SELECT "fluffys".* FROM "fluffys"
  Rendered fluffys/index.html.erb within layouts/application (5.8ms)
Completed 500 Internal Server Error in 7ms (ActiveRecord: 0.1ms)

ActionView::Template::Error (undefined local variable or method `new_movie_path' for #<#<Class:0x00007fb2b075dba8>:0x00007fb2b084f930>):
    31:     <% end %>
    32:   </tbody>
    33: </table>
    34: <%= link_to 'Add new movie', new_movie_path, :class => 'btn btn-primary' %>
  app/views/fluffys/index.html.erb:34:in `_app_views_fluffys_index_html_erb___4041361594791855767_70202720827000'


  Rendered /var/lib/gems/2.6.0/gems/actionpack-4.2.10/lib/action_dispatch/middleware/templates/rescues/_source.erb (2.6ms)
  Rendered /var/lib/gems/2.6.0/gems/actionpack-4.2.10/lib/action_dispatch/middleware/templates/rescues/_trace.html.erb (1.3ms)
  Rendered /var/lib/gems/2.6.0/gems/actionpack-4.2.10/lib/action_dispatch/middleware/templates/rescues/_request_and_response.html.erb (0.7ms)
  Rendered /var/lib/gems/2.6.0/gems/actionpack-4.2.10/lib/action_dispatch/middleware/templates/rescues/template_error.html.erb within rescues/layout (10.7ms)


Started GET "/fluffys" for 45.56.153.233 at 2021-03-11 14:32:08 +0000
Processing by FluffysController#index as HTML
  [1m[36mFluffys Load (1.0ms)[0m  [1mSELECT "fluffys".* FROM "fluffys"[0m
  Rendered fluffys/index.html.erb within layouts/application (11.0ms)
Completed 500 Internal Server Error in 30ms (ActiveRecord: 1.0ms)

ActionView::Template::Error (undefined local variable or method `new_movie_path' for #<#<Class:0x00007fb76475df00>:0x00007fb76476ee40>):
    31:     <% end %>
    32:   </tbody>
    33: </table>
    34: <!-- <%= link_to 'Add new movie', new_movie_path, :class => 'btn btn-primary' %> -->
  app/views/fluffys/index.html.erb:34:in `_app_views_fluffys_index_html_erb___1139610132275345385_70212820736000'


  Rendered /var/lib/gems/2.6.0/gems/actionpack-4.2.10/lib/action_dispatch/middleware/templates/rescues/_source.erb (2.8ms)
  Rendered /var/lib/gems/2.6.0/gems/actionpack-4.2.10/lib/action_dispatch/middleware/templates/rescues/_trace.html.erb (1.4ms)
  Rendered /var/lib/gems/2.6.0/gems/actionpack-4.2.10/lib/action_dispatch/middleware/templates/rescues/_request_and_response.html.erb (6.0ms)
  Rendered /var/lib/gems/2.6.0/gems/actionpack-4.2.10/lib/action_dispatch/middleware/templates/rescues/template_error.html.erb within rescues/layout (16.5ms)


Started GET "/fluffys" for 45.56.153.233 at 2021-03-11 14:32:27 +0000
Processing by FluffysController#index as HTML
  [1m[36mFluffys Load (0.9ms)[0m  [1mSELECT "fluffys".* FROM "fluffys"[0m
  Rendered fluffys/index.html.erb within layouts/application (6.0ms)
  Rendered layouts/_flash.erb (0.5ms)
Completed 200 OK in 285ms (Views: 270.9ms | ActiveRecord: 1.0ms)
  [1m[36mActiveRecord::SchemaMigration Load (0.1ms)[0m  [1mSELECT "schema_migrations".* FROM "schema_migrations"[0m
  [1m[36mActiveRecord::SchemaMigration Load (0.1ms)[0m  [1mSELECT "schema_migrations".* FROM "schema_migrations"[0m
  [1m[36mActiveRecord::SchemaMigration Load (0.1ms)[0m  [1mSELECT "schema_migrations".* FROM "schema_migrations"[0m
  [1m[36mActiveRecord::SchemaMigration Load (0.1ms)[0m  [1mSELECT "schema_migrations".* FROM "schema_migrations"[0m
  [1m[35m (0.0ms)[0m  begin transaction
  [1m[36mSQL (0.3ms)[0m  [1mINSERT INTO "fluffys" ("title", "rating", "release_date", "created_at", "updated_at") VALUES (?, ?, ?, ?, ?)[0m  [["title", "Aladdin"], ["rating", "G"], ["release_date", "1992-11-25 00:00:00.000000"], ["created_at", "2021-03-11 14:36:20.207682"], ["updated_at", "2021-03-11 14:36:20.207682"]]
  [1m[35m (107.7ms)[0m  commit transaction
  [1m[36m (0.0ms)[0m  [1mbegin transaction[0m
  [1m[35mSQL (0.2ms)[0m  INSERT INTO "fluffys" ("title", "rating", "release_date", "created_at", "updated_at") VALUES (?, ?, ?, ?, ?)  [["title", "The Terminator"], ["rating", "R"], ["release_date", "1984-10-26 00:00:00.000000"], ["created_at", "2021-03-11 14:36:20.317288"], ["updated_at", "2021-03-11 14:36:20.317288"]]
  [1m[36m (73.7ms)[0m  [1mcommit transaction[0m
  [1m[35m (0.1ms)[0m  begin transaction
  [1m[36mSQL (0.2ms)[0m  [1mINSERT INTO "fluffys" ("title", "rating", "release_date", "created_at", "updated_at") VALUES (?, ?, ?, ?, ?)[0m  [["title", "When Harry Met Sally"], ["rating", "R"], ["release_date", "1989-07-21 00:00:00.000000"], ["created_at", "2021-03-11 14:36:20.392625"], ["updated_at", "2021-03-11 14:36:20.392625"]]
  [1m[35m (72.3ms)[0m  commit transaction
  [1m[36m (0.1ms)[0m  [1mbegin transaction[0m
  [1m[35mSQL (0.2ms)[0m  INSERT INTO "fluffys" ("title", "rating", "release_date", "created_at", "updated_at") VALUES (?, ?, ?, ?, ?)  [["title", "The Help"], ["rating", "PG-13"], ["release_date", "2011-08-10 00:00:00.000000"], ["created_at", "2021-03-11 14:36:20.466471"], ["updated_at", "2021-03-11 14:36:20.466471"]]
  [1m[36m (62.1ms)[0m  [1mcommit transaction[0m
  [1m[35m (0.1ms)[0m  begin transaction
  [1m[36mSQL (0.2ms)[0m  [1mINSERT INTO "fluffys" ("title", "rating", "release_date", "created_at", "updated_at") VALUES (?, ?, ?, ?, ?)[0m  [["title", "Chocolat"], ["rating", "PG-13"], ["release_date", "2001-01-05 00:00:00.000000"], ["created_at", "2021-03-11 14:36:20.530107"], ["updated_at", "2021-03-11 14:36:20.530107"]]
  [1m[35m (71.0ms)[0m  commit transaction
  [1m[36m (0.1ms)[0m  [1mbegin transaction[0m
  [1m[35mSQL (0.2ms)[0m  INSERT INTO "fluffys" ("title", "rating", "release_date", "created_at", "updated_at") VALUES (?, ?, ?, ?, ?)  [["title", "Amelie"], ["rating", "R"], ["release_date", "2001-04-25 00:00:00.000000"], ["created_at", "2021-03-11 14:36:20.602581"], ["updated_at", "2021-03-11 14:36:20.602581"]]
  [1m[36m (85.7ms)[0m  [1mcommit transaction[0m
  [1m[35m (0.0ms)[0m  begin transaction
  [1m[36mSQL (0.2ms)[0m  [1mINSERT INTO "fluffys" ("title", "rating", "release_date", "created_at", "updated_at") VALUES (?, ?, ?, ?, ?)[0m  [["title", "2001: A Space Odyssey"], ["rating", "G"], ["release_date", "1968-04-06 00:00:00.000000"], ["created_at", "2021-03-11 14:36:20.689728"], ["updated_at", "2021-03-11 14:36:20.689728"]]
  [1m[35m (66.1ms)[0m  commit transaction
  [1m[36m (0.0ms)[0m  [1mbegin transaction[0m
  [1m[35mSQL (0.2ms)[0m  INSERT INTO "fluffys" ("title", "rating", "release_date", "created_at", "updated_at") VALUES (?, ?, ?, ?, ?)  [["title", "The Incredibles"], ["rating", "PG"], ["release_date", "2004-11-05 00:00:00.000000"], ["created_at", "2021-03-11 14:36:20.757355"], ["updated_at", "2021-03-11 14:36:20.757355"]]
  [1m[36m (65.4ms)[0m  [1mcommit transaction[0m
  [1m[35m (0.1ms)[0m  begin transaction
  [1m[36mSQL (0.2ms)[0m  [1mINSERT INTO "fluffys" ("title", "rating", "release_date", "created_at", "updated_at") VALUES (?, ?, ?, ?, ?)[0m  [["title", "Raiders of the Lost Ark"], ["rating", "PG"], ["release_date", "1981-06-12 00:00:00.000000"], ["created_at", "2021-03-11 14:36:20.838743"], ["updated_at", "2021-03-11 14:36:20.838743"]]
  [1m[35m (66.8ms)[0m  commit transaction
  [1m[36m (0.0ms)[0m  [1mbegin transaction[0m
  [1m[35mSQL (0.2ms)[0m  INSERT INTO "fluffys" ("title", "rating", "release_date", "created_at", "updated_at") VALUES (?, ?, ?, ?, ?)  [["title", "Chicken Run"], ["rating", "G"], ["release_date", "2000-06-21 00:00:00.000000"], ["created_at", "2021-03-11 14:36:20.907086"], ["updated_at", "2021-03-11 14:36:20.907086"]]
  [1m[36m (63.0ms)[0m  [1mcommit transaction[0m


Started GET "/fluffys" for 45.56.153.233 at 2021-03-11 14:36:38 +0000
Processing by FluffysController#index as HTML
  [1m[36mFluffys Load (1.0ms)[0m  [1mSELECT "fluffys".* FROM "fluffys"[0m
  Rendered fluffys/index.html.erb within layouts/application (17.2ms)
Completed 500 Internal Server Error in 38ms (ActiveRecord: 1.2ms)

ActionView::Template::Error (undefined method `movie_path' for #<#<Class:0x00007fcf907b47d0>:0x00007fcf907c5710>):
    25:           <%= movie.release_date %>
    26:         </td>
    27:         <td>
    28:           <%= link_to "More about #{movie.title}", movie_path(movie) %>
    29:         </td>
    30:       </tr>
    31:     <% end %>
  app/views/fluffys/index.html.erb:28:in `block in _app_views_fluffys_index_html_erb__3679829398083684962_70264729586820'
  app/views/fluffys/index.html.erb:16:in `_app_views_fluffys_index_html_erb__3679829398083684962_70264729586820'


  Rendered /var/lib/gems/2.6.0/gems/actionpack-4.2.10/lib/action_dispatch/middleware/templates/rescues/_source.erb (3.1ms)
  Rendered /var/lib/gems/2.6.0/gems/actionpack-4.2.10/lib/action_dispatch/middleware/templates/rescues/_trace.html.erb (1.5ms)
  Rendered /var/lib/gems/2.6.0/gems/actionpack-4.2.10/lib/action_dispatch/middleware/templates/rescues/_request_and_response.html.erb (8.7ms)
  Rendered /var/lib/gems/2.6.0/gems/actionpack-4.2.10/lib/action_dispatch/middleware/templates/rescues/template_error.html.erb within rescues/layout (20.6ms)


Started GET "/fluffys" for 45.56.153.233 at 2021-03-11 14:37:17 +0000
Processing by FluffysController#index as HTML
  [1m[35mFluffys Load (0.2ms)[0m  SELECT "fluffys".* FROM "fluffys"
  Rendered fluffys/index.html.erb within layouts/application (7.9ms)
Completed 500 Internal Server Error in 9ms (ActiveRecord: 0.2ms)

ActionView::Template::Error (undefined method `movie_path' for #<#<Class:0x00007fcf907b47d0>:0x00007fcf90a36288>):
    25:           <%= movie.release_date %>
    26:         </td>
    27:         <td>
    28:           <%= link_to "More about #{movie.title}", movie_path(movie) %>
    29:         </td>
    30:       </tr>
    31:     <% end %>
  app/views/fluffys/index.html.erb:28:in `block in _app_views_fluffys_index_html_erb__3679829398083684962_70264730790060'
  app/views/fluffys/index.html.erb:16:in `_app_views_fluffys_index_html_erb__3679829398083684962_70264730790060'


  Rendered /var/lib/gems/2.6.0/gems/actionpack-4.2.10/lib/action_dispatch/middleware/templates/rescues/_source.erb (2.8ms)
  Rendered /var/lib/gems/2.6.0/gems/actionpack-4.2.10/lib/action_dispatch/middleware/templates/rescues/_trace.html.erb (1.3ms)
  Rendered /var/lib/gems/2.6.0/gems/actionpack-4.2.10/lib/action_dispatch/middleware/templates/rescues/_request_and_response.html.erb (0.7ms)
  Rendered /var/lib/gems/2.6.0/gems/actionpack-4.2.10/lib/action_dispatch/middleware/templates/rescues/template_error.html.erb within rescues/layout (10.8ms)


Started GET "/fluffys" for 45.56.153.233 at 2021-03-11 14:37:19 +0000
Processing by FluffysController#index as HTML
  [1m[36mFluffys Load (0.1ms)[0m  [1mSELECT "fluffys".* FROM "fluffys"[0m
  Rendered fluffys/index.html.erb within layouts/application (7.3ms)
Completed 500 Internal Server Error in 8ms (ActiveRecord: 0.1ms)

ActionView::Template::Error (undefined method `movie_path' for #<#<Class:0x00007fcf907b47d0>:0x00007fcf90b06c58>):
    25:           <%= movie.release_date %>
    26:         </td>
    27:         <td>
    28:           <%= link_to "More about #{movie.title}", movie_path(movie) %>
    29:         </td>
    30:       </tr>
    31:     <% end %>
  app/views/fluffys/index.html.erb:28:in `block in _app_views_fluffys_index_html_erb__3679829398083684962_70264730790060'
  app/views/fluffys/index.html.erb:16:in `_app_views_fluffys_index_html_erb__3679829398083684962_70264730790060'


  Rendered /var/lib/gems/2.6.0/gems/actionpack-4.2.10/lib/action_dispatch/middleware/templates/rescues/_source.erb (2.8ms)
  Rendered /var/lib/gems/2.6.0/gems/actionpack-4.2.10/lib/action_dispatch/middleware/templates/rescues/_trace.html.erb (1.3ms)
  Rendered /var/lib/gems/2.6.0/gems/actionpack-4.2.10/lib/action_dispatch/middleware/templates/rescues/_request_and_response.html.erb (0.7ms)
  Rendered /var/lib/gems/2.6.0/gems/actionpack-4.2.10/lib/action_dispatch/middleware/templates/rescues/template_error.html.erb within rescues/layout (10.8ms)


Started GET "/fluffys" for 45.56.153.233 at 2021-03-11 14:37:27 +0000
Processing by FluffysController#index as HTML
  [1m[36mFluffys Load (1.0ms)[0m  [1mSELECT "fluffys".* FROM "fluffys"[0m
  Rendered fluffys/index.html.erb within layouts/application (15.4ms)
Completed 500 Internal Server Error in 34ms (ActiveRecord: 1.2ms)

ActionView::Template::Error (undefined method `movie_path' for #<#<Class:0x00007fb2b075dae0>:0x00007fb2b076aa10>):
    25:           <%= movie.release_date %>
    26:         </td>
    27:         <td>
    28:           <%= link_to "More about #{movie.title}", movie_path(movie) %>
    29:         </td>
    30:       </tr>
    31:     <% end %>
  app/views/fluffys/index.html.erb:28:in `block in _app_views_fluffys_index_html_erb___169895264394622033_70202720826900'
  app/views/fluffys/index.html.erb:16:in `_app_views_fluffys_index_html_erb___169895264394622033_70202720826900'


  Rendered /var/lib/gems/2.6.0/gems/actionpack-4.2.10/lib/action_dispatch/middleware/templates/rescues/_source.erb (2.9ms)
  Rendered /var/lib/gems/2.6.0/gems/actionpack-4.2.10/lib/action_dispatch/middleware/templates/rescues/_trace.html.erb (1.4ms)
  Rendered /var/lib/gems/2.6.0/gems/actionpack-4.2.10/lib/action_dispatch/middleware/templates/rescues/_request_and_response.html.erb (6.0ms)
  Rendered /var/lib/gems/2.6.0/gems/actionpack-4.2.10/lib/action_dispatch/middleware/templates/rescues/template_error.html.erb within rescues/layout (16.4ms)


Started GET "/fluffys" for 45.56.153.233 at 2021-03-11 14:37:32 +0000
Processing by FluffysController#index as HTML
  [1m[35mFluffys Load (0.1ms)[0m  SELECT "fluffys".* FROM "fluffys"
  Rendered fluffys/index.html.erb within layouts/application (7.5ms)
Completed 500 Internal Server Error in 8ms (ActiveRecord: 0.1ms)

ActionView::Template::Error (undefined method `movie_path' for #<#<Class:0x00007fb2b075dae0>:0x00007fb2b09b7480>):
    25:           <%= movie.release_date %>
    26:         </td>
    27:         <td>
    28:           <%= link_to "More about #{movie.title}", movie_path(movie) %>
    29:         </td>
    30:       </tr>
    31:     <% end %>
  app/views/fluffys/index.html.erb:28:in `block in _app_views_fluffys_index_html_erb___169895264394622033_70202720826900'
  app/views/fluffys/index.html.erb:16:in `_app_views_fluffys_index_html_erb___169895264394622033_70202720826900'


  Rendered /var/lib/gems/2.6.0/gems/actionpack-4.2.10/lib/action_dispatch/middleware/templates/rescues/_source.erb (2.8ms)
  Rendered /var/lib/gems/2.6.0/gems/actionpack-4.2.10/lib/action_dispatch/middleware/templates/rescues/_trace.html.erb (1.3ms)
  Rendered /var/lib/gems/2.6.0/gems/actionpack-4.2.10/lib/action_dispatch/middleware/templates/rescues/_request_and_response.html.erb (0.7ms)
  Rendered /var/lib/gems/2.6.0/gems/actionpack-4.2.10/lib/action_dispatch/middleware/templates/rescues/template_error.html.erb within rescues/layout (10.7ms)


Started GET "/fluffys" for 45.56.153.233 at 2021-03-11 14:38:01 +0000
Processing by FluffysController#index as HTML
  [1m[36mFluffys Load (1.0ms)[0m  [1mSELECT "fluffys".* FROM "fluffys"[0m
  Rendered fluffys/index.html.erb within layouts/application (8.5ms)
  Rendered layouts/_flash.erb (0.3ms)
Completed 200 OK in 146ms (Views: 131.6ms | ActiveRecord: 1.2ms)


Started GET "/fluffys" for 45.56.153.233 at 2021-03-11 14:39:13 +0000
Processing by FluffysController#index as HTML
  [1m[36mFluffys Load (1.0ms)[0m  [1mSELECT "fluffys".* FROM "fluffys"[0m
  Rendered fluffys/index.html.erb within layouts/application (9.4ms)
  Rendered layouts/_flash.erb (0.3ms)
Completed 200 OK in 180ms (Views: 164.1ms | ActiveRecord: 1.2ms)


Started GET "/" for 45.56.153.233 at 2021-03-11 14:39:15 +0000


Started GET "/fluffys" for 45.56.153.233 at 2021-03-11 14:39:16 +0000
Processing by FluffysController#index as HTML
  [1m[35mFluffys Load (0.2ms)[0m  SELECT "fluffys".* FROM "fluffys"
  Rendered fluffys/index.html.erb within layouts/application (1.0ms)
  Rendered layouts/_flash.erb (0.0ms)
Completed 200 OK in 6ms (Views: 5.8ms | ActiveRecord: 0.2ms)


Started GET "/fluffys" for 45.56.153.233 at 2021-03-11 14:39:17 +0000
Processing by FluffysController#index as HTML
  [1m[36mFluffys Load (0.2ms)[0m  [1mSELECT "fluffys".* FROM "fluffys"[0m
  Rendered fluffys/index.html.erb within layouts/application (1.1ms)
  Rendered layouts/_flash.erb (0.1ms)
Completed 200 OK in 8ms (Views: 7.2ms | ActiveRecord: 0.2ms)


Started GET "/fluffys" for 45.56.153.233 at 2021-03-11 14:59:01 +0000
Processing by FluffysController#index as HTML
  [1m[36mFluffys Load (1.0ms)[0m  [1mSELECT "fluffys".* FROM "fluffys"[0m
  Rendered fluffys/index.html.erb within layouts/application (13.6ms)
Completed 500 Internal Server Error in 34ms (ActiveRecord: 1.3ms)

ActionView::Template::Error (undefined method `name' for #<Fluffys:0x00007f90e885cf70>):
    16:     <% @movies.each do |movie| %>
    17:       <tr>
    18:         <td>
    19:           <%= movie.name %>
    20:         </td>
    21:         <td>
    22:           <%= movie.budget %>
  app/views/fluffys/index.html.erb:19:in `block in _app_views_fluffys_index_html_erb__4379274378134368921_70130176153440'
  app/views/fluffys/index.html.erb:16:in `_app_views_fluffys_index_html_erb__4379274378134368921_70130176153440'


  Rendered /var/lib/gems/2.6.0/gems/actionpack-4.2.10/lib/action_dispatch/middleware/templates/rescues/_source.erb (3.0ms)
  Rendered /var/lib/gems/2.6.0/gems/actionpack-4.2.10/lib/action_dispatch/middleware/templates/rescues/_trace.html.erb (1.4ms)
  Rendered /var/lib/gems/2.6.0/gems/actionpack-4.2.10/lib/action_dispatch/middleware/templates/rescues/_request_and_response.html.erb (5.9ms)
  Rendered /var/lib/gems/2.6.0/gems/actionpack-4.2.10/lib/action_dispatch/middleware/templates/rescues/template_error.html.erb within rescues/layout (16.3ms)
  [1m[36mActiveRecord::SchemaMigration Load (0.1ms)[0m  [1mSELECT "schema_migrations".* FROM "schema_migrations"[0m
  [1m[35mActiveRecord::SchemaMigration Load (0.0ms)[0m  SELECT "schema_migrations".* FROM "schema_migrations"
  [1m[36mActiveRecord::SchemaMigration Load (0.1ms)[0m  [1mSELECT "schema_migrations".* FROM "schema_migrations"[0m
  [1m[36mActiveRecord::SchemaMigration Load (0.1ms)[0m  [1mSELECT "schema_migrations".* FROM "schema_migrations"[0m
  [1m[35mActiveRecord::SchemaMigration Load (0.1ms)[0m  SELECT "schema_migrations".* FROM "schema_migrations"
  [1m[36mActiveRecord::SchemaMigration Load (0.1ms)[0m  [1mSELECT "schema_migrations".* FROM "schema_migrations"[0m
  [1m[36mActiveRecord::SchemaMigration Load (0.1ms)[0m  [1mSELECT "schema_migrations".* FROM "schema_migrations"[0m
  [1m[35mActiveRecord::SchemaMigration Load (0.0ms)[0m  SELECT "schema_migrations".* FROM "schema_migrations"
  [1m[36mActiveRecord::SchemaMigration Load (0.1ms)[0m  [1mSELECT "schema_migrations".* FROM "schema_migrations"[0m
  [1m[36mActiveRecord::SchemaMigration Load (0.1ms)[0m  [1mSELECT "schema_migrations".* FROM "schema_migrations"[0m
  [1m[36mActiveRecord::SchemaMigration Load (0.1ms)[0m  [1mSELECT "schema_migrations".* FROM "schema_migrations"[0m
  [1m[35mActiveRecord::SchemaMigration Load (0.1ms)[0m  SELECT "schema_migrations".* FROM "schema_migrations"
  [1m[36mActiveRecord::SchemaMigration Load (0.1ms)[0m  [1mSELECT "schema_migrations".* FROM "schema_migrations"[0m
  [1m[36mActiveRecord::SchemaMigration Load (0.1ms)[0m  [1mSELECT "schema_migrations".* FROM "schema_migrations"[0m
  [1m[36mActiveRecord::SchemaMigration Load (0.1ms)[0m  [1mSELECT "schema_migrations".* FROM "schema_migrations"[0m
  [1m[36mActiveRecord::SchemaMigration Load (0.1ms)[0m  [1mSELECT "schema_migrations".* FROM "schema_migrations"[0m
  [1m[36mActiveRecord::SchemaMigration Load (0.1ms)[0m  [1mSELECT "schema_migrations".* FROM "schema_migrations"[0m
  [1m[35mActiveRecord::SchemaMigration Load (0.0ms)[0m  SELECT "schema_migrations".* FROM "schema_migrations"
  [1m[36mActiveRecord::SchemaMigration Load (0.1ms)[0m  [1mSELECT "schema_migrations".* FROM "schema_migrations"[0m
  [1m[35mActiveRecord::SchemaMigration Load (0.1ms)[0m  SELECT "schema_migrations".* FROM "schema_migrations"
  [1m[36mActiveRecord::SchemaMigration Load (0.1ms)[0m  [1mSELECT "schema_migrations".* FROM "schema_migrations"[0m
  [1m[36mActiveRecord::SchemaMigration Load (0.1ms)[0m  [1mSELECT "schema_migrations".* FROM "schema_migrations"[0m
  [1m[36mActiveRecord::SchemaMigration Load (0.1ms)[0m  [1mSELECT "schema_migrations".* FROM "schema_migrations"[0m
Migrating to CreateFluffys (20121119180638)
  [1m[35m (0.0ms)[0m  begin transaction
DEPRECATION WARNING: `#timestamps` was called without specifying an option for `null`. In Rails 5, this behavior will change to `null: false`. You should manually specify `null: true` to prevent the behavior of your existing migrations from changing. (called from block in up at /home/codio/workspace/Project-4156/proj-iter1/db/migrate/20121119180638_create_fluffys.rb:10)
  [1m[36m (0.1ms)[0m  [1mCREATE TABLE "fluffys" ("id" INTEGER PRIMARY KEY AUTOINCREMENT NOT NULL, "name" varchar, "budget" varchar, "remaining_budget" varchar, "fluffy_coin" varchar, "created_at" datetime, "updated_at" datetime) [0m
  [1m[35m (0.0ms)[0m  rollback transaction
  [1m[36mActiveRecord::SchemaMigration Load (0.1ms)[0m  [1mSELECT "schema_migrations".* FROM "schema_migrations"[0m
Migrating to CreateFluffys (20121119180638)
  [1m[35m (0.0ms)[0m  begin transaction
DEPRECATION WARNING: `#timestamps` was called without specifying an option for `null`. In Rails 5, this behavior will change to `null: false`. You should manually specify `null: true` to prevent the behavior of your existing migrations from changing. (called from block in up at /home/codio/workspace/Project-4156/proj-iter1/db/migrate/20121119180638_create_fluffys.rb:10)
  [1m[36m (0.1ms)[0m  [1mCREATE TABLE "fluffys" ("id" INTEGER PRIMARY KEY AUTOINCREMENT NOT NULL, "name" varchar, "budget" varchar, "remaining_budget" varchar, "fluffy_coin" varchar, "created_at" datetime, "updated_at" datetime) [0m
  [1m[35m (0.0ms)[0m  rollback transaction
  [1m[36m (93.2ms)[0m  [1mDROP TABLE "fluffys"[0m
  [1m[36mActiveRecord::SchemaMigration Load (0.1ms)[0m  [1mSELECT "schema_migrations".* FROM "schema_migrations"[0m
Migrating to CreateFluffys (20121119180638)
  [1m[35m (0.1ms)[0m  begin transaction
DEPRECATION WARNING: `#timestamps` was called without specifying an option for `null`. In Rails 5, this behavior will change to `null: false`. You should manually specify `null: true` to prevent the behavior of your existing migrations from changing. (called from block in up at /home/codio/workspace/Project-4156/proj-iter1/db/migrate/20121119180638_create_fluffys.rb:10)
  [1m[36m (0.3ms)[0m  [1mCREATE TABLE "fluffys" ("id" INTEGER PRIMARY KEY AUTOINCREMENT NOT NULL, "name" varchar, "budget" varchar, "remaining_budget" varchar, "fluffy_coin" varchar, "created_at" datetime, "updated_at" datetime) [0m
  [1m[35mSQL (0.1ms)[0m  INSERT INTO "schema_migrations" ("version") VALUES (?)  [["version", "20121119180638"]]
  [1m[36m (87.0ms)[0m  [1mcommit transaction[0m
Migrating to DropFluffysTable (20210311152039)
  [1m[35m (0.1ms)[0m  begin transaction
  [1m[36mSQL (0.2ms)[0m  [1mINSERT INTO "schema_migrations" ("version") VALUES (?)[0m  [["version", "20210311152039"]]
  [1m[35m (104.4ms)[0m  commit transaction
  [1m[36mActiveRecord::SchemaMigration Load (0.1ms)[0m  [1mSELECT "schema_migrations".* FROM "schema_migrations"[0m
  [1m[36mActiveRecord::SchemaMigration Load (0.1ms)[0m  [1mSELECT "schema_migrations".* FROM "schema_migrations"[0m
  [1m[35m (0.1ms)[0m  begin transaction
  [1m[36mSQL (0.3ms)[0m  [1mINSERT INTO "fluffys" ("name", "budget", "remaining_budget", "fluffy_coin", "created_at", "updated_at") VALUES (?, ?, ?, ?, ?, ?)[0m  [["name", "Aladdin"], ["budget", "1000"], ["remaining_budget", "800"], ["fluffy_coin", "0"], ["created_at", "2021-03-11 15:23:20.682337"], ["updated_at", "2021-03-11 15:23:20.682337"]]
  [1m[35m (86.1ms)[0m  commit transaction
  [1m[36m (0.1ms)[0m  [1mbegin transaction[0m
  [1m[35mSQL (0.2ms)[0m  INSERT INTO "fluffys" ("name", "budget", "remaining_budget", "fluffy_coin", "created_at", "updated_at") VALUES (?, ?, ?, ?, ?, ?)  [["name", "The Terminator"], ["budget", "500"], ["remaining_budget", "400"], ["fluffy_coin", "0"], ["created_at", "2021-03-11 15:23:20.770127"], ["updated_at", "2021-03-11 15:23:20.770127"]]
  [1m[36m (91.5ms)[0m  [1mcommit transaction[0m
  [1m[35m (0.0ms)[0m  begin transaction
  [1m[36mSQL (0.2ms)[0m  [1mINSERT INTO "fluffys" ("name", "budget", "remaining_budget", "fluffy_coin", "created_at", "updated_at") VALUES (?, ?, ?, ?, ?, ?)[0m  [["name", "When Harry Met Sally"], ["budget", "200"], ["remaining_budget", "100"], ["fluffy_coin", "0"], ["created_at", "2021-03-11 15:23:20.863238"], ["updated_at", "2021-03-11 15:23:20.863238"]]
  [1m[35m (97.0ms)[0m  commit transaction
  [1m[36m (0.1ms)[0m  [1mbegin transaction[0m
  [1m[35mSQL (0.2ms)[0m  INSERT INTO "fluffys" ("name", "budget", "remaining_budget", "fluffy_coin", "created_at", "updated_at") VALUES (?, ?, ?, ?, ?, ?)  [["name", "The Help"], ["budget", "3000"], ["remaining_budget", "1300"], ["fluffy_coin", "0"], ["created_at", "2021-03-11 15:23:20.961730"], ["updated_at", "2021-03-11 15:23:20.961730"]]
  [1m[36m (96.0ms)[0m  [1mcommit transaction[0m
  [1m[35m (0.1ms)[0m  begin transaction
  [1m[36mSQL (0.2ms)[0m  [1mINSERT INTO "fluffys" ("name", "budget", "remaining_budget", "fluffy_coin", "created_at", "updated_at") VALUES (?, ?, ?, ?, ?, ?)[0m  [["name", "Chocolat"], ["budget", "1200"], ["remaining_budget", "500"], ["fluffy_coin", "0"], ["created_at", "2021-03-11 15:23:21.059243"], ["updated_at", "2021-03-11 15:23:21.059243"]]
  [1m[35m (85.7ms)[0m  commit transaction
  [1m[36m (0.1ms)[0m  [1mbegin transaction[0m
  [1m[35mSQL (0.2ms)[0m  INSERT INTO "fluffys" ("name", "budget", "remaining_budget", "fluffy_coin", "created_at", "updated_at") VALUES (?, ?, ?, ?, ?, ?)  [["name", "Amelie"], ["budget", "300"], ["remaining_budget", "140"], ["fluffy_coin", "0"], ["created_at", "2021-03-11 15:23:21.146382"], ["updated_at", "2021-03-11 15:23:21.146382"]]
  [1m[36m (82.4ms)[0m  [1mcommit transaction[0m
  [1m[35m (0.1ms)[0m  begin transaction
  [1m[36mSQL (0.2ms)[0m  [1mINSERT INTO "fluffys" ("name", "budget", "remaining_budget", "fluffy_coin", "created_at", "updated_at") VALUES (?, ?, ?, ?, ?, ?)[0m  [["name", "2001: A Space Odyssey"], ["budget", "400"], ["remaining_budget", "250"], ["fluffy_coin", "0"], ["created_at", "2021-03-11 15:23:21.230236"], ["updated_at", "2021-03-11 15:23:21.230236"]]
  [1m[35m (80.7ms)[0m  commit transaction
  [1m[36m (0.1ms)[0m  [1mbegin transaction[0m
  [1m[35mSQL (0.2ms)[0m  INSERT INTO "fluffys" ("name", "budget", "remaining_budget", "fluffy_coin", "created_at", "updated_at") VALUES (?, ?, ?, ?, ?, ?)  [["name", "The Incredibles"], ["budget", "100"], ["remaining_budget", "70"], ["fluffy_coin", "0"], ["created_at", "2021-03-11 15:23:21.312342"], ["updated_at", "2021-03-11 15:23:21.312342"]]
  [1m[36m (85.5ms)[0m  [1mcommit transaction[0m
  [1m[35m (0.1ms)[0m  begin transaction
  [1m[36mSQL (0.2ms)[0m  [1mINSERT INTO "fluffys" ("name", "budget", "remaining_budget", "fluffy_coin", "created_at", "updated_at") VALUES (?, ?, ?, ?, ?, ?)[0m  [["name", "Raiders of the Lost Ark"], ["budget", "50"], ["remaining_budget", "20"], ["fluffy_coin", "0"], ["created_at", "2021-03-11 15:23:21.414705"], ["updated_at", "2021-03-11 15:23:21.414705"]]
  [1m[35m (83.3ms)[0m  commit transaction
  [1m[36m (0.1ms)[0m  [1mbegin transaction[0m
  [1m[35mSQL (0.2ms)[0m  INSERT INTO "fluffys" ("name", "budget", "remaining_budget", "fluffy_coin", "created_at", "updated_at") VALUES (?, ?, ?, ?, ?, ?)  [["name", "Chicken Run"], ["budget", "600"], ["remaining_budget", "550"], ["fluffy_coin", "0"], ["created_at", "2021-03-11 15:23:21.499535"], ["updated_at", "2021-03-11 15:23:21.499535"]]
  [1m[36m (82.5ms)[0m  [1mcommit transaction[0m


Started GET "/fluffys" for 45.56.153.233 at 2021-03-11 15:23:35 +0000
Processing by FluffysController#index as HTML
  [1m[36mFluffys Load (1.0ms)[0m  [1mSELECT "fluffys".* FROM "fluffys"[0m
  Rendered fluffys/index.html.erb within layouts/application (8.6ms)
  Rendered layouts/_flash.erb (0.4ms)
Completed 200 OK in 159ms (Views: 143.7ms | ActiveRecord: 1.2ms)


Started GET "/" for 45.56.153.233 at 2021-03-11 15:23:38 +0000


Started GET "/fluffys" for 45.56.153.233 at 2021-03-11 15:23:38 +0000
Processing by FluffysController#index as HTML
  [1m[35mFluffys Load (0.2ms)[0m  SELECT "fluffys".* FROM "fluffys"
  Rendered fluffys/index.html.erb within layouts/application (0.9ms)
  Rendered layouts/_flash.erb (0.0ms)
Completed 200 OK in 6ms (Views: 6.0ms | ActiveRecord: 0.2ms)


Started GET "/fluffys" for 45.56.153.233 at 2021-03-11 15:25:02 +0000
Processing by FluffysController#index as HTML
  [1m[36mFluffys Load (1.0ms)[0m  [1mSELECT "fluffys".* FROM "fluffys"[0m
  Rendered fluffys/index.html.erb within layouts/application (9.2ms)
  Rendered layouts/_flash.erb (0.3ms)
Completed 200 OK in 157ms (Views: 138.5ms | ActiveRecord: 1.2ms)


Started GET "/fluffys" for 45.56.153.233 at 2021-03-11 15:26:30 +0000
Processing by FluffysController#index as HTML
  [1m[36mFluffys Load (1.0ms)[0m  [1mSELECT "fluffys".* FROM "fluffys"[0m
  Rendered fluffys/index.html.erb within layouts/application (8.4ms)
  Rendered layouts/_flash.erb (0.3ms)
Completed 200 OK in 146ms (Views: 131.7ms | ActiveRecord: 1.2ms)


Started GET "/fluffys" for 45.56.153.233 at 2021-03-11 15:26:35 +0000
Processing by FluffysController#index as HTML
  [1m[35mFluffys Load (0.2ms)[0m  SELECT "fluffys".* FROM "fluffys"
  Rendered fluffys/index.html.erb within layouts/application (0.7ms)
  Rendered layouts/_flash.erb (0.0ms)
Completed 200 OK in 6ms (Views: 5.7ms | ActiveRecord: 0.2ms)


Started GET "/fluffys" for 45.56.153.233 at 2021-03-11 15:26:59 +0000
Processing by FluffysController#index as HTML
  [1m[36mFluffys Load (0.9ms)[0m  [1mSELECT "fluffys".* FROM "fluffys"[0m
  Rendered fluffys/index.html.erb within layouts/application (8.3ms)
  Rendered layouts/_flash.erb (0.3ms)
Completed 200 OK in 169ms (Views: 154.1ms | ActiveRecord: 1.2ms)


Started GET "/" for 100.8.28.216 at 2021-03-11 15:29:48 +0000


Started GET "/fluffys" for 100.8.28.216 at 2021-03-11 15:29:48 +0000
Processing by FluffysController#index as HTML
  [1m[36mFluffys Load (0.9ms)[0m  [1mSELECT "fluffys".* FROM "fluffys"[0m
  Rendered fluffys/index.html.erb within layouts/application (8.1ms)
  Rendered layouts/_flash.erb (0.3ms)
Completed 200 OK in 176ms (Views: 161.4ms | ActiveRecord: 1.2ms)


Started GET "/" for 100.8.28.216 at 2021-03-11 15:46:35 +0000


Started GET "/fluffys" for 100.8.28.216 at 2021-03-11 15:46:36 +0000
Processing by FluffysController#index as HTML
  [1m[36mFluffys Load (1.0ms)[0m  [1mSELECT "fluffys".* FROM "fluffys"[0m
  Rendered fluffys/index.html.erb within layouts/application (8.5ms)
  Rendered layouts/_flash.erb (0.3ms)
Completed 200 OK in 178ms (Views: 162.3ms | ActiveRecord: 1.2ms)


Started GET "/assets/jquery.self-660adc51e0224b731d29f575a6f1ec167ba08ad06ed5deca4f1e8654c135bf4c.js?body=1" for 100.8.28.216 at 2021-03-11 15:46:36 +0000


Started GET "/fluffys/get_rewards" for 100.8.28.216 at 2021-03-11 15:46:38 +0000
Processing by FluffysController#show as HTML
  Parameters: {"id"=>"get_rewards"}
  [1m[35mFluffys Load (0.1ms)[0m  SELECT  "fluffys".* FROM "fluffys" WHERE "fluffys"."id" = ? LIMIT 1  [["id", 0]]
Completed 404 Not Found in 13ms (ActiveRecord: 0.1ms)

ActiveRecord::RecordNotFound (Couldn't find Fluffys with 'id'=get_rewards):
  app/controllers/fluffys_controller.rb:5:in `show'


  Rendered /var/lib/gems/2.6.0/gems/actionpack-4.2.10/lib/action_dispatch/middleware/templates/rescues/_source.erb (2.2ms)
  Rendered /var/lib/gems/2.6.0/gems/actionpack-4.2.10/lib/action_dispatch/middleware/templates/rescues/_trace.html.erb (1.2ms)
  Rendered /var/lib/gems/2.6.0/gems/actionpack-4.2.10/lib/action_dispatch/middleware/templates/rescues/_request_and_response.html.erb (0.8ms)
  Rendered /var/lib/gems/2.6.0/gems/actionpack-4.2.10/lib/action_dispatch/middleware/templates/rescues/diagnostics.html.erb within rescues/layout (11.7ms)


Started GET "/" for 100.8.28.216 at 2021-03-11 15:48:51 +0000


Started GET "/fluffys" for 100.8.28.216 at 2021-03-11 15:48:51 +0000
Processing by FluffysController#index as HTML
  [1m[36mFluffys Load (1.0ms)[0m  [1mSELECT "fluffys".* FROM "fluffys"[0m
  Rendered fluffys/index.html.erb within layouts/application (9.7ms)
  Rendered layouts/_flash.erb (0.4ms)
Completed 200 OK in 204ms (Views: 183.7ms | ActiveRecord: 1.3ms)


Started GET "/fluffys/get_rewards" for 100.8.28.216 at 2021-03-11 15:48:52 +0000
Processing by FluffysController#show as HTML
  Parameters: {"id"=>"get_rewards"}
  [1m[35mFluffys Load (0.1ms)[0m  SELECT  "fluffys".* FROM "fluffys" WHERE "fluffys"."id" = ? LIMIT 1  [["id", 0]]
Completed 404 Not Found in 4ms (ActiveRecord: 0.1ms)

ActiveRecord::RecordNotFound (Couldn't find Fluffys with 'id'=get_rewards):
  app/controllers/fluffys_controller.rb:5:in `show'


  Rendered /var/lib/gems/2.6.0/gems/actionpack-4.2.10/lib/action_dispatch/middleware/templates/rescues/_source.erb (2.4ms)
  Rendered /var/lib/gems/2.6.0/gems/actionpack-4.2.10/lib/action_dispatch/middleware/templates/rescues/_trace.html.erb (1.2ms)
  Rendered /var/lib/gems/2.6.0/gems/actionpack-4.2.10/lib/action_dispatch/middleware/templates/rescues/_request_and_response.html.erb (0.8ms)
  Rendered /var/lib/gems/2.6.0/gems/actionpack-4.2.10/lib/action_dispatch/middleware/templates/rescues/diagnostics.html.erb within rescues/layout (10.6ms)
